\BOOKMARK [1][-]{section.1}{Introduction}{}% 1
\BOOKMARK [1][-]{section.2}{Simple system for spatial spread}{}% 2
\BOOKMARK [2][-]{subsection.2.1}{Travelling wave 1D}{section.2}% 3
\BOOKMARK [2][-]{subsection.2.2}{Verifying the solution}{section.2}% 4
\BOOKMARK [2][-]{subsection.2.3}{Constant solution}{section.2}% 5
\BOOKMARK [2][-]{subsection.2.4}{Manufactured solution}{section.2}% 6
\BOOKMARK [2][-]{subsection.2.5}{Convergence rate}{section.2}% 7
\BOOKMARK [2][-]{subsection.2.6}{The spatial error}{section.2}% 8
\BOOKMARK [2][-]{subsection.2.7}{The temporal error}{section.2}% 9
\BOOKMARK [2][-]{subsection.2.8}{Travelling wave in 2D}{section.2}% 10
\BOOKMARK [2][-]{subsection.2.9}{A gaussian wave}{section.2}% 11
\BOOKMARK [1][-]{section.3}{Epidemic in an English Boarding School 1978}{}% 12
\BOOKMARK [2][-]{subsection.3.1}{Introducing a Gaussian distribution of infected}{section.3}% 13
\BOOKMARK [1][-]{section.4}{Zombiefication}{}% 14
\BOOKMARK [2][-]{subsection.4.1}{The position of the Infected group}{section.4}% 15
\BOOKMARK [2][-]{subsection.4.2}{Free areas for the Susceptible group}{section.4}% 16
\BOOKMARK [2][-]{subsection.4.3}{Random distribution}{section.4}% 17
\BOOKMARK [1][-]{section.5}{Appendix}{}% 18
\BOOKMARK [2][-]{subsection.5.1}{Discretization}{section.5}% 19
\BOOKMARK [2][-]{subsection.5.2}{2D Gaussian function from x=0}{section.5}% 20
\BOOKMARK [2][-]{subsection.5.3}{2D Gaussian function from x=0,y=0}{section.5}% 21
\BOOKMARK [2][-]{subsection.5.4}{2D Gaussian function from x=0,y=0 with higher initial value}{section.5}% 22
\BOOKMARK [2][-]{subsection.5.5}{English Boarding School}{section.5}% 23
\BOOKMARK [2][-]{subsection.5.6}{Zombiefication}{section.5}% 24
