This is pdfTeX, Version 3.1415926-2.5-1.40.14 (TeX Live 2013/Debian) (format=pdflatex 2014.11.15)  22 DEC 2014 12:31
entering extended mode
 restricted \write18 enabled.
 %&-line parsing enabled.
**thesis
(./thesis.tex
LaTeX2e <2011/06/27>
Babel <3.9h> and hyphenation patterns for 78 languages loaded.
(/usr/share/texlive/texmf-dist/tex/latex/base/book.cls
Document Class: book 2007/10/19 v1.4h Standard LaTeX document class
(/usr/share/texlive/texmf-dist/tex/latex/base/bk10.clo
File: bk10.clo 2007/10/19 v1.4h Standard LaTeX file (size option)
)
\c@part=\count79
\c@chapter=\count80
\c@section=\count81
\c@subsection=\count82
\c@subsubsection=\count83
\c@paragraph=\count84
\c@subparagraph=\count85
\c@figure=\count86
\c@table=\count87
\abovecaptionskip=\skip41
\belowcaptionskip=\skip42
\bibindent=\dimen102
)
(/usr/share/texlive/texmf-dist/tex/latex/relsize/relsize.sty
Package: relsize 2013/03/29 ver 4.1
)
(/usr/share/texlive/texmf-dist/tex/latex/graphics/epsfig.sty
Package: epsfig 1999/02/16 v1.7a (e)psfig emulation (SPQR)

(/usr/share/texlive/texmf-dist/tex/latex/graphics/graphicx.sty
Package: graphicx 1999/02/16 v1.0f Enhanced LaTeX Graphics (DPC,SPQR)

(/usr/share/texlive/texmf-dist/tex/latex/graphics/keyval.sty
Package: keyval 1999/03/16 v1.13 key=value parser (DPC)
\KV@toks@=\toks14
)
(/usr/share/texlive/texmf-dist/tex/latex/graphics/graphics.sty
Package: graphics 2009/02/05 v1.0o Standard LaTeX Graphics (DPC,SPQR)

(/usr/share/texlive/texmf-dist/tex/latex/graphics/trig.sty
Package: trig 1999/03/16 v1.09 sin cos tan (DPC)
)
(/usr/share/texlive/texmf-dist/tex/latex/latexconfig/graphics.cfg
File: graphics.cfg 2010/04/23 v1.9 graphics configuration of TeX Live
)
Package graphics Info: Driver file: pdftex.def on input line 91.

(/usr/share/texlive/texmf-dist/tex/latex/pdftex-def/pdftex.def
File: pdftex.def 2011/05/27 v0.06d Graphics/color for pdfTeX

(/usr/share/texlive/texmf-dist/tex/generic/oberdiek/infwarerr.sty
Package: infwarerr 2010/04/08 v1.3 Providing info/warning/error messages (HO)
)
(/usr/share/texlive/texmf-dist/tex/generic/oberdiek/ltxcmds.sty
Package: ltxcmds 2011/11/09 v1.22 LaTeX kernel commands for general use (HO)
)
\Gread@gobject=\count88
))
\Gin@req@height=\dimen103
\Gin@req@width=\dimen104
)
\epsfxsize=\dimen105
\epsfysize=\dimen106
)
(/usr/share/texlive/texmf-dist/tex/latex/base/makeidx.sty
Package: makeidx 2000/03/29 v1.0m Standard LaTeX package
)
(/usr/share/texlive/texmf-dist/tex/latex/graphics/color.sty
Package: color 2005/11/14 v1.0j Standard LaTeX Color (DPC)

(/usr/share/texlive/texmf-dist/tex/latex/latexconfig/color.cfg
File: color.cfg 2007/01/18 v1.5 color configuration of teTeX/TeXLive
)
Package color Info: Driver file: pdftex.def on input line 130.
)
(/usr/share/texlive/texmf-dist/tex/latex/setspace/setspace.sty
Package: setspace 2011/12/19 v6.7a set line spacing
)
(/usr/share/texlive/texmf-dist/tex/latex/amsmath/amsmath.sty
Package: amsmath 2013/01/14 v2.14 AMS math features
\@mathmargin=\skip43

For additional information on amsmath, use the `?' option.
(/usr/share/texlive/texmf-dist/tex/latex/amsmath/amstext.sty
Package: amstext 2000/06/29 v2.01

(/usr/share/texlive/texmf-dist/tex/latex/amsmath/amsgen.sty
File: amsgen.sty 1999/11/30 v2.0
\@emptytoks=\toks15
\ex@=\dimen107
))
(/usr/share/texlive/texmf-dist/tex/latex/amsmath/amsbsy.sty
Package: amsbsy 1999/11/29 v1.2d
\pmbraise@=\dimen108
)
(/usr/share/texlive/texmf-dist/tex/latex/amsmath/amsopn.sty
Package: amsopn 1999/12/14 v2.01 operator names
)
\inf@bad=\count89
LaTeX Info: Redefining \frac on input line 210.
\uproot@=\count90
\leftroot@=\count91
LaTeX Info: Redefining \overline on input line 306.
\classnum@=\count92
\DOTSCASE@=\count93
LaTeX Info: Redefining \ldots on input line 378.
LaTeX Info: Redefining \dots on input line 381.
LaTeX Info: Redefining \cdots on input line 466.
\Mathstrutbox@=\box26
\strutbox@=\box27
\big@size=\dimen109
LaTeX Font Info:    Redeclaring font encoding OML on input line 566.
LaTeX Font Info:    Redeclaring font encoding OMS on input line 567.
\macc@depth=\count94
\c@MaxMatrixCols=\count95
\dotsspace@=\muskip10
\c@parentequation=\count96
\dspbrk@lvl=\count97
\tag@help=\toks16
\row@=\count98
\column@=\count99
\maxfields@=\count100
\andhelp@=\toks17
\eqnshift@=\dimen110
\alignsep@=\dimen111
\tagshift@=\dimen112
\tagwidth@=\dimen113
\totwidth@=\dimen114
\lineht@=\dimen115
\@envbody=\toks18
\multlinegap=\skip44
\multlinetaggap=\skip45
\mathdisplay@stack=\toks19
LaTeX Info: Redefining \[ on input line 2665.
LaTeX Info: Redefining \] on input line 2666.
)
(/usr/share/texlive/texmf-dist/tex/latex/amsfonts/amsfonts.sty
Package: amsfonts 2013/01/14 v3.01 Basic AMSFonts support
\symAMSa=\mathgroup4
\symAMSb=\mathgroup5
LaTeX Font Info:    Overwriting math alphabet `\mathfrak' in version `bold'
(Font)                  U/euf/m/n --> U/euf/b/n on input line 106.
)
(/usr/share/texmf/tex/latex/xcolor/xcolor.sty
Package: xcolor 2007/01/21 v2.11 LaTeX color extensions (UK)

(/usr/share/texlive/texmf-dist/tex/latex/latexconfig/color.cfg
File: color.cfg 2007/01/18 v1.5 color configuration of teTeX/TeXLive
)
Package xcolor Info: Driver file: pdftex.def on input line 225.

(/usr/share/texlive/texmf-dist/tex/latex/colortbl/colortbl.sty
Package: colortbl 2012/02/13 v1.0a Color table columns (DPC)

(/usr/share/texlive/texmf-dist/tex/latex/tools/array.sty
Package: array 2008/09/09 v2.4c Tabular extension package (FMi)
\col@sep=\dimen116
\extrarowheight=\dimen117
\NC@list=\toks20
\extratabsurround=\skip46
\backup@length=\skip47
)
\everycr=\toks21
\minrowclearance=\skip48
)
LaTeX Info: Redefining \color on input line 702.
\rownum=\count101
Package xcolor Info: Model `cmy' substituted by `cmy0' on input line 1337.
Package xcolor Info: Model `hsb' substituted by `rgb' on input line 1341.
Package xcolor Info: Model `RGB' extended on input line 1353.
Package xcolor Info: Model `HTML' substituted by `rgb' on input line 1355.
Package xcolor Info: Model `Hsb' substituted by `hsb' on input line 1356.
Package xcolor Info: Model `tHsb' substituted by `hsb' on input line 1357.
Package xcolor Info: Model `HSB' substituted by `hsb' on input line 1358.
Package xcolor Info: Model `Gray' substituted by `gray' on input line 1359.
Package xcolor Info: Model `wave' substituted by `hsb' on input line 1360.
)
(/usr/share/texlive/texmf-dist/tex/latex/tools/bm.sty
Package: bm 2004/02/26 v1.1c Bold Symbol Support (DPC/FMi)
\symboldoperators=\mathgroup6
\symboldletters=\mathgroup7
\symboldsymbols=\mathgroup8
LaTeX Font Info:    Redeclaring math alphabet \mathbf on input line 138.
LaTeX Info: Redefining \bm on input line 204.
)
(/usr/share/texlive/texmf-dist/tex/latex/microtype/microtype.sty
Package: microtype 2013/05/23 v2.5a Micro-typographical refinements (RS)
\MT@toks=\toks22
\MT@count=\count102
LaTeX Info: Redefining \textls on input line 766.
\MT@outer@kern=\dimen118
LaTeX Info: Redefining \textmicrotypecontext on input line 1285.
\MT@listname@count=\count103

(/usr/share/texlive/texmf-dist/tex/latex/microtype/microtype-pdftex.def
File: microtype-pdftex.def 2013/05/23 v2.5a Definitions specific to pdftex (RS)

LaTeX Info: Redefining \lsstyle on input line 915.
LaTeX Info: Redefining \lslig on input line 915.
\MT@outer@space=\skip49
)
Package microtype Info: Loading configuration file microtype.cfg.

(/usr/share/texlive/texmf-dist/tex/latex/microtype/microtype.cfg
File: microtype.cfg 2013/05/23 v2.5a microtype main configuration file (RS)
))
(/usr/share/texlive/texmf-dist/tex/latex/fancyvrb/fancyvrb.sty
Package: fancyvrb 2008/02/07

Style option: `fancyvrb' v2.7a, with DG/SPQR fixes, and firstline=lastline fix 
<2008/02/07> (tvz)
\FV@CodeLineNo=\count104
\FV@InFile=\read1
\FV@TabBox=\box28
\c@FancyVerbLine=\count105
\FV@StepNumber=\count106
\FV@OutFile=\write3
) (/usr/share/texlive/texmf-dist/tex/latex/base/fontenc.sty
Package: fontenc 2005/09/27 v1.99g Standard LaTeX package

(/usr/share/texlive/texmf-dist/tex/latex/base/t1enc.def
File: t1enc.def 2005/09/27 v1.99g Standard LaTeX file
LaTeX Font Info:    Redeclaring font encoding T1 on input line 43.
))
(/usr/share/texlive/texmf-dist/tex/latex/base/inputenc.sty
Package: inputenc 2008/03/30 v1.1d Input encoding file
\inpenc@prehook=\toks23
\inpenc@posthook=\toks24

(/usr/share/texlive/texmf-dist/tex/latex/base/utf8.def
File: utf8.def 2008/04/05 v1.1m UTF-8 support for inputenc
Now handling font encoding OML ...
... no UTF-8 mapping file for font encoding OML
Now handling font encoding T1 ...
... processing UTF-8 mapping file for font encoding T1

(/usr/share/texlive/texmf-dist/tex/latex/base/t1enc.dfu
File: t1enc.dfu 2008/04/05 v1.1m UTF-8 support for inputenc
   defining Unicode char U+00A1 (decimal 161)
   defining Unicode char U+00A3 (decimal 163)
   defining Unicode char U+00AB (decimal 171)
   defining Unicode char U+00BB (decimal 187)
   defining Unicode char U+00BF (decimal 191)
   defining Unicode char U+00C0 (decimal 192)
   defining Unicode char U+00C1 (decimal 193)
   defining Unicode char U+00C2 (decimal 194)
   defining Unicode char U+00C3 (decimal 195)
   defining Unicode char U+00C4 (decimal 196)
   defining Unicode char U+00C5 (decimal 197)
   defining Unicode char U+00C6 (decimal 198)
   defining Unicode char U+00C7 (decimal 199)
   defining Unicode char U+00C8 (decimal 200)
   defining Unicode char U+00C9 (decimal 201)
   defining Unicode char U+00CA (decimal 202)
   defining Unicode char U+00CB (decimal 203)
   defining Unicode char U+00CC (decimal 204)
   defining Unicode char U+00CD (decimal 205)
   defining Unicode char U+00CE (decimal 206)
   defining Unicode char U+00CF (decimal 207)
   defining Unicode char U+00D0 (decimal 208)
   defining Unicode char U+00D1 (decimal 209)
   defining Unicode char U+00D2 (decimal 210)
   defining Unicode char U+00D3 (decimal 211)
   defining Unicode char U+00D4 (decimal 212)
   defining Unicode char U+00D5 (decimal 213)
   defining Unicode char U+00D6 (decimal 214)
   defining Unicode char U+00D8 (decimal 216)
   defining Unicode char U+00D9 (decimal 217)
   defining Unicode char U+00DA (decimal 218)
   defining Unicode char U+00DB (decimal 219)
   defining Unicode char U+00DC (decimal 220)
   defining Unicode char U+00DD (decimal 221)
   defining Unicode char U+00DE (decimal 222)
   defining Unicode char U+00DF (decimal 223)
   defining Unicode char U+00E0 (decimal 224)
   defining Unicode char U+00E1 (decimal 225)
   defining Unicode char U+00E2 (decimal 226)
   defining Unicode char U+00E3 (decimal 227)
   defining Unicode char U+00E4 (decimal 228)
   defining Unicode char U+00E5 (decimal 229)
   defining Unicode char U+00E6 (decimal 230)
   defining Unicode char U+00E7 (decimal 231)
   defining Unicode char U+00E8 (decimal 232)
   defining Unicode char U+00E9 (decimal 233)
   defining Unicode char U+00EA (decimal 234)
   defining Unicode char U+00EB (decimal 235)
   defining Unicode char U+00EC (decimal 236)
   defining Unicode char U+00ED (decimal 237)
   defining Unicode char U+00EE (decimal 238)
   defining Unicode char U+00EF (decimal 239)
   defining Unicode char U+00F0 (decimal 240)
   defining Unicode char U+00F1 (decimal 241)
   defining Unicode char U+00F2 (decimal 242)
   defining Unicode char U+00F3 (decimal 243)
   defining Unicode char U+00F4 (decimal 244)
   defining Unicode char U+00F5 (decimal 245)
   defining Unicode char U+00F6 (decimal 246)
   defining Unicode char U+00F8 (decimal 248)
   defining Unicode char U+00F9 (decimal 249)
   defining Unicode char U+00FA (decimal 250)
   defining Unicode char U+00FB (decimal 251)
   defining Unicode char U+00FC (decimal 252)
   defining Unicode char U+00FD (decimal 253)
   defining Unicode char U+00FE (decimal 254)
   defining Unicode char U+00FF (decimal 255)
   defining Unicode char U+0102 (decimal 258)
   defining Unicode char U+0103 (decimal 259)
   defining Unicode char U+0104 (decimal 260)
   defining Unicode char U+0105 (decimal 261)
   defining Unicode char U+0106 (decimal 262)
   defining Unicode char U+0107 (decimal 263)
   defining Unicode char U+010C (decimal 268)
   defining Unicode char U+010D (decimal 269)
   defining Unicode char U+010E (decimal 270)
   defining Unicode char U+010F (decimal 271)
   defining Unicode char U+0110 (decimal 272)
   defining Unicode char U+0111 (decimal 273)
   defining Unicode char U+0118 (decimal 280)
   defining Unicode char U+0119 (decimal 281)
   defining Unicode char U+011A (decimal 282)
   defining Unicode char U+011B (decimal 283)
   defining Unicode char U+011E (decimal 286)
   defining Unicode char U+011F (decimal 287)
   defining Unicode char U+0130 (decimal 304)
   defining Unicode char U+0131 (decimal 305)
   defining Unicode char U+0132 (decimal 306)
   defining Unicode char U+0133 (decimal 307)
   defining Unicode char U+0139 (decimal 313)
   defining Unicode char U+013A (decimal 314)
   defining Unicode char U+013D (decimal 317)
   defining Unicode char U+013E (decimal 318)
   defining Unicode char U+0141 (decimal 321)
   defining Unicode char U+0142 (decimal 322)
   defining Unicode char U+0143 (decimal 323)
   defining Unicode char U+0144 (decimal 324)
   defining Unicode char U+0147 (decimal 327)
   defining Unicode char U+0148 (decimal 328)
   defining Unicode char U+014A (decimal 330)
   defining Unicode char U+014B (decimal 331)
   defining Unicode char U+0150 (decimal 336)
   defining Unicode char U+0151 (decimal 337)
   defining Unicode char U+0152 (decimal 338)
   defining Unicode char U+0153 (decimal 339)
   defining Unicode char U+0154 (decimal 340)
   defining Unicode char U+0155 (decimal 341)
   defining Unicode char U+0158 (decimal 344)
   defining Unicode char U+0159 (decimal 345)
   defining Unicode char U+015A (decimal 346)
   defining Unicode char U+015B (decimal 347)
   defining Unicode char U+015E (decimal 350)
   defining Unicode char U+015F (decimal 351)
   defining Unicode char U+0160 (decimal 352)
   defining Unicode char U+0161 (decimal 353)
   defining Unicode char U+0162 (decimal 354)
   defining Unicode char U+0163 (decimal 355)
   defining Unicode char U+0164 (decimal 356)
   defining Unicode char U+0165 (decimal 357)
   defining Unicode char U+016E (decimal 366)
   defining Unicode char U+016F (decimal 367)
   defining Unicode char U+0170 (decimal 368)
   defining Unicode char U+0171 (decimal 369)
   defining Unicode char U+0178 (decimal 376)
   defining Unicode char U+0179 (decimal 377)
   defining Unicode char U+017A (decimal 378)
   defining Unicode char U+017B (decimal 379)
   defining Unicode char U+017C (decimal 380)
   defining Unicode char U+017D (decimal 381)
   defining Unicode char U+017E (decimal 382)
   defining Unicode char U+200C (decimal 8204)
   defining Unicode char U+2013 (decimal 8211)
   defining Unicode char U+2014 (decimal 8212)
   defining Unicode char U+2018 (decimal 8216)
   defining Unicode char U+2019 (decimal 8217)
   defining Unicode char U+201A (decimal 8218)
   defining Unicode char U+201C (decimal 8220)
   defining Unicode char U+201D (decimal 8221)
   defining Unicode char U+201E (decimal 8222)
   defining Unicode char U+2030 (decimal 8240)
   defining Unicode char U+2031 (decimal 8241)
   defining Unicode char U+2039 (decimal 8249)
   defining Unicode char U+203A (decimal 8250)
   defining Unicode char U+2423 (decimal 9251)
)
Now handling font encoding OT1 ...
... processing UTF-8 mapping file for font encoding OT1

(/usr/share/texlive/texmf-dist/tex/latex/base/ot1enc.dfu
File: ot1enc.dfu 2008/04/05 v1.1m UTF-8 support for inputenc
   defining Unicode char U+00A1 (decimal 161)
   defining Unicode char U+00A3 (decimal 163)
   defining Unicode char U+00B8 (decimal 184)
   defining Unicode char U+00BF (decimal 191)
   defining Unicode char U+00C5 (decimal 197)
   defining Unicode char U+00C6 (decimal 198)
   defining Unicode char U+00D8 (decimal 216)
   defining Unicode char U+00DF (decimal 223)
   defining Unicode char U+00E6 (decimal 230)
   defining Unicode char U+00EC (decimal 236)
   defining Unicode char U+00ED (decimal 237)
   defining Unicode char U+00EE (decimal 238)
   defining Unicode char U+00EF (decimal 239)
   defining Unicode char U+00F8 (decimal 248)
   defining Unicode char U+0131 (decimal 305)
   defining Unicode char U+0141 (decimal 321)
   defining Unicode char U+0142 (decimal 322)
   defining Unicode char U+0152 (decimal 338)
   defining Unicode char U+0153 (decimal 339)
   defining Unicode char U+2013 (decimal 8211)
   defining Unicode char U+2014 (decimal 8212)
   defining Unicode char U+2018 (decimal 8216)
   defining Unicode char U+2019 (decimal 8217)
   defining Unicode char U+201C (decimal 8220)
   defining Unicode char U+201D (decimal 8221)
)
Now handling font encoding OMS ...
... processing UTF-8 mapping file for font encoding OMS

(/usr/share/texlive/texmf-dist/tex/latex/base/omsenc.dfu
File: omsenc.dfu 2008/04/05 v1.1m UTF-8 support for inputenc
   defining Unicode char U+00A7 (decimal 167)
   defining Unicode char U+00B6 (decimal 182)
   defining Unicode char U+00B7 (decimal 183)
   defining Unicode char U+2020 (decimal 8224)
   defining Unicode char U+2021 (decimal 8225)
   defining Unicode char U+2022 (decimal 8226)
)
Now handling font encoding OMX ...
... no UTF-8 mapping file for font encoding OMX
Now handling font encoding U ...
... no UTF-8 mapping file for font encoding U
   defining Unicode char U+00A9 (decimal 169)
   defining Unicode char U+00AA (decimal 170)
   defining Unicode char U+00AE (decimal 174)
   defining Unicode char U+00BA (decimal 186)
   defining Unicode char U+02C6 (decimal 710)
   defining Unicode char U+02DC (decimal 732)
   defining Unicode char U+200C (decimal 8204)
   defining Unicode char U+2026 (decimal 8230)
   defining Unicode char U+2122 (decimal 8482)
   defining Unicode char U+2423 (decimal 9251)
))
(/usr/share/texmf/tex/latex/lm/lmodern.sty
Package: lmodern 2009/10/30 v1.6 Latin Modern Fonts
LaTeX Font Info:    Overwriting symbol font `operators' in version `normal'
(Font)                  OT1/cmr/m/n --> OT1/lmr/m/n on input line 22.
LaTeX Font Info:    Overwriting symbol font `letters' in version `normal'
(Font)                  OML/cmm/m/it --> OML/lmm/m/it on input line 23.
LaTeX Font Info:    Overwriting symbol font `symbols' in version `normal'
(Font)                  OMS/cmsy/m/n --> OMS/lmsy/m/n on input line 24.
LaTeX Font Info:    Overwriting symbol font `largesymbols' in version `normal'
(Font)                  OMX/cmex/m/n --> OMX/lmex/m/n on input line 25.
LaTeX Font Info:    Overwriting symbol font `operators' in version `bold'
(Font)                  OT1/cmr/bx/n --> OT1/lmr/bx/n on input line 26.
LaTeX Font Info:    Overwriting symbol font `letters' in version `bold'
(Font)                  OML/cmm/b/it --> OML/lmm/b/it on input line 27.
LaTeX Font Info:    Overwriting symbol font `symbols' in version `bold'
(Font)                  OMS/cmsy/b/n --> OMS/lmsy/b/n on input line 28.
LaTeX Font Info:    Overwriting symbol font `largesymbols' in version `bold'
(Font)                  OMX/cmex/m/n --> OMX/lmex/m/n on input line 29.
LaTeX Font Info:    Overwriting math alphabet `\mathbf' in version `normal'
(Font)                  OT1/cmr/bx/n --> OT1/lmr/bx/n on input line 31.
LaTeX Font Info:    Overwriting math alphabet `\mathsf' in version `normal'
(Font)                  OT1/cmss/m/n --> OT1/lmss/m/n on input line 32.
LaTeX Font Info:    Overwriting math alphabet `\mathit' in version `normal'
(Font)                  OT1/cmr/m/it --> OT1/lmr/m/it on input line 33.
LaTeX Font Info:    Overwriting math alphabet `\mathtt' in version `normal'
(Font)                  OT1/cmtt/m/n --> OT1/lmtt/m/n on input line 34.
LaTeX Font Info:    Overwriting math alphabet `\mathbf' in version `bold'
(Font)                  OT1/cmr/bx/n --> OT1/lmr/bx/n on input line 35.
LaTeX Font Info:    Overwriting math alphabet `\mathsf' in version `bold'
(Font)                  OT1/cmss/bx/n --> OT1/lmss/bx/n on input line 36.
LaTeX Font Info:    Overwriting math alphabet `\mathit' in version `bold'
(Font)                  OT1/cmr/bx/it --> OT1/lmr/bx/it on input line 37.
LaTeX Font Info:    Overwriting math alphabet `\mathtt' in version `bold'
(Font)                  OT1/cmtt/m/n --> OT1/lmtt/m/n on input line 38.
)
(/usr/share/texlive/texmf-dist/tex/latex/hyperref/hyperref.sty
Package: hyperref 2012/11/06 v6.83m Hypertext links for LaTeX

(/usr/share/texlive/texmf-dist/tex/generic/oberdiek/hobsub-hyperref.sty
Package: hobsub-hyperref 2012/05/28 v1.13 Bundle oberdiek, subset hyperref (HO)


(/usr/share/texlive/texmf-dist/tex/generic/oberdiek/hobsub-generic.sty
Package: hobsub-generic 2012/05/28 v1.13 Bundle oberdiek, subset generic (HO)
Package: hobsub 2012/05/28 v1.13 Construct package bundles (HO)
Package hobsub Info: Skipping package `infwarerr' (already loaded).
Package hobsub Info: Skipping package `ltxcmds' (already loaded).
Package: ifluatex 2010/03/01 v1.3 Provides the ifluatex switch (HO)
Package ifluatex Info: LuaTeX not detected.
Package: ifvtex 2010/03/01 v1.5 Detect VTeX and its facilities (HO)
Package ifvtex Info: VTeX not detected.
Package: intcalc 2007/09/27 v1.1 Expandable calculations with integers (HO)
Package: ifpdf 2011/01/30 v2.3 Provides the ifpdf switch (HO)
Package ifpdf Info: pdfTeX in PDF mode is detected.
Package: etexcmds 2011/02/16 v1.5 Avoid name clashes with e-TeX commands (HO)
Package etexcmds Info: Could not find \expanded.
(etexcmds)             That can mean that you are not using pdfTeX 1.50 or
(etexcmds)             that some package has redefined \expanded.
(etexcmds)             In the latter case, load this package earlier.
Package: kvsetkeys 2012/04/25 v1.16 Key value parser (HO)
Package: kvdefinekeys 2011/04/07 v1.3 Define keys (HO)
Package: pdftexcmds 2011/11/29 v0.20 Utility functions of pdfTeX for LuaTeX (HO
)
Package pdftexcmds Info: LuaTeX not detected.
Package pdftexcmds Info: \pdf@primitive is available.
Package pdftexcmds Info: \pdf@ifprimitive is available.
Package pdftexcmds Info: \pdfdraftmode found.
Package: pdfescape 2011/11/25 v1.13 Implements pdfTeX's escape features (HO)
Package: bigintcalc 2012/04/08 v1.3 Expandable calculations on big integers (HO
)
Package: bitset 2011/01/30 v1.1 Handle bit-vector datatype (HO)
Package: uniquecounter 2011/01/30 v1.2 Provide unlimited unique counter (HO)
)
Package hobsub Info: Skipping package `hobsub' (already loaded).
Package: letltxmacro 2010/09/02 v1.4 Let assignment for LaTeX macros (HO)
Package: hopatch 2012/05/28 v1.2 Wrapper for package hooks (HO)
Package: xcolor-patch 2011/01/30 xcolor patch
Package: atveryend 2011/06/30 v1.8 Hooks at the very end of document (HO)
Package atveryend Info: \enddocument detected (standard20110627).
Package: atbegshi 2011/10/05 v1.16 At begin shipout hook (HO)
Package: refcount 2011/10/16 v3.4 Data extraction from label references (HO)
Package: hycolor 2011/01/30 v1.7 Color options for hyperref/bookmark (HO)
)
(/usr/share/texlive/texmf-dist/tex/generic/ifxetex/ifxetex.sty
Package: ifxetex 2010/09/12 v0.6 Provides ifxetex conditional
)
(/usr/share/texlive/texmf-dist/tex/latex/oberdiek/auxhook.sty
Package: auxhook 2011/03/04 v1.3 Hooks for auxiliary files (HO)
)
(/usr/share/texlive/texmf-dist/tex/latex/oberdiek/kvoptions.sty
Package: kvoptions 2011/06/30 v3.11 Key value format for package options (HO)
)
\@linkdim=\dimen119
\Hy@linkcounter=\count107
\Hy@pagecounter=\count108

(/usr/share/texlive/texmf-dist/tex/latex/hyperref/pd1enc.def
File: pd1enc.def 2012/11/06 v6.83m Hyperref: PDFDocEncoding definition (HO)
Now handling font encoding PD1 ...
... no UTF-8 mapping file for font encoding PD1
)
\Hy@SavedSpaceFactor=\count109

(/usr/share/texlive/texmf-dist/tex/latex/latexconfig/hyperref.cfg
File: hyperref.cfg 2002/06/06 v1.2 hyperref configuration of TeXLive
)
Package hyperref Info: Option `final' set `true' on input line 4319.
Package hyperref Info: Option `colorlinks' set `true' on input line 4319.
Package hyperref Info: Option `pdfmenubar' set `true' on input line 4319.
Package hyperref Info: Option `pdftoolbar' set `true' on input line 4319.
Package hyperref Info: Hyper figures OFF on input line 4443.
Package hyperref Info: Link nesting OFF on input line 4448.
Package hyperref Info: Hyper index ON on input line 4451.
Package hyperref Info: Plain pages OFF on input line 4458.
Package hyperref Info: Backreferencing OFF on input line 4463.
Package hyperref Info: Implicit mode ON; LaTeX internals redefined.
Package hyperref Info: Bookmarks ON on input line 4688.
\c@Hy@tempcnt=\count110

(/usr/share/texlive/texmf-dist/tex/latex/url/url.sty
\Urlmuskip=\muskip11
Package: url 2013/09/16  ver 3.4  Verb mode for urls, etc.
)
LaTeX Info: Redefining \url on input line 5041.
\XeTeXLinkMargin=\dimen120
\Fld@menulength=\count111
\Field@Width=\dimen121
\Fld@charsize=\dimen122
Package hyperref Info: Hyper figures OFF on input line 6295.
Package hyperref Info: Link nesting OFF on input line 6300.
Package hyperref Info: Hyper index ON on input line 6303.
Package hyperref Info: backreferencing OFF on input line 6310.
Package hyperref Info: Link coloring ON on input line 6313.
Package hyperref Info: Link coloring with OCG OFF on input line 6320.
Package hyperref Info: PDF/A mode OFF on input line 6325.
LaTeX Info: Redefining \ref on input line 6365.
LaTeX Info: Redefining \pageref on input line 6369.
\Hy@abspage=\count112
\c@Item=\count113
\c@Hfootnote=\count114
)

Package hyperref Message: Driver (autodetected): hpdftex.

(/usr/share/texlive/texmf-dist/tex/latex/hyperref/hpdftex.def
File: hpdftex.def 2012/11/06 v6.83m Hyperref driver for pdfTeX
\Fld@listcount=\count115
\c@bookmark@seq@number=\count116

(/usr/share/texlive/texmf-dist/tex/latex/oberdiek/rerunfilecheck.sty
Package: rerunfilecheck 2011/04/15 v1.7 Rerun checks for auxiliary files (HO)
Package uniquecounter Info: New unique counter `rerunfilecheck' on input line 2
82.
)
\Hy@SectionHShift=\skip50
)
(/usr/share/texlive/texmf-dist/tex/latex/placeins/placeins.sty
Package: placeins 2005/04/18  v 2.2
)
\@indexfile=\write4
\openout4 = `thesis.idx'.


Writing index file thesis.idx

LaTeX Warning: Unused global option(s):
    [chapterprefix=true,open=right10pt].

(./thesis.aux

LaTeX Warning: Label `table:param_val' multiply defined.

)
\openout1 = `thesis.aux'.

LaTeX Font Info:    Checking defaults for OML/cmm/m/it on input line 81.
LaTeX Font Info:    ... okay on input line 81.
LaTeX Font Info:    Checking defaults for T1/cmr/m/n on input line 81.
LaTeX Font Info:    ... okay on input line 81.
LaTeX Font Info:    Checking defaults for OT1/cmr/m/n on input line 81.
LaTeX Font Info:    ... okay on input line 81.
LaTeX Font Info:    Checking defaults for OMS/cmsy/m/n on input line 81.
LaTeX Font Info:    ... okay on input line 81.
LaTeX Font Info:    Checking defaults for OMX/cmex/m/n on input line 81.
LaTeX Font Info:    ... okay on input line 81.
LaTeX Font Info:    Checking defaults for U/cmr/m/n on input line 81.
LaTeX Font Info:    ... okay on input line 81.
LaTeX Font Info:    Checking defaults for PD1/pdf/m/n on input line 81.
LaTeX Font Info:    ... okay on input line 81.
LaTeX Font Info:    Try loading font information for T1+lmr on input line 81.
 (/usr/share/texmf/tex/latex/lm/t1lmr.fd
File: t1lmr.fd 2009/10/30 v1.6 Font defs for Latin Modern
)
(/usr/share/texlive/texmf-dist/tex/context/base/supp-pdf.mkii
[Loading MPS to PDF converter (version 2006.09.02).]
\scratchcounter=\count117
\scratchdimen=\dimen123
\scratchbox=\box29
\nofMPsegments=\count118
\nofMParguments=\count119
\everyMPshowfont=\toks25
\MPscratchCnt=\count120
\MPscratchDim=\dimen124
\MPnumerator=\count121
\makeMPintoPDFobject=\count122
\everyMPtoPDFconversion=\toks26
) (/usr/share/texlive/texmf-dist/tex/latex/oberdiek/epstopdf-base.sty
Package: epstopdf-base 2010/02/09 v2.5 Base part for package epstopdf

(/usr/share/texlive/texmf-dist/tex/latex/oberdiek/grfext.sty
Package: grfext 2010/08/19 v1.1 Manage graphics extensions (HO)
)
Package grfext Info: Graphics extension search list:
(grfext)             [.png,.pdf,.jpg,.mps,.jpeg,.jbig2,.jb2,.PNG,.PDF,.JPG,.JPE
G,.JBIG2,.JB2,.eps]
(grfext)             \AppendGraphicsExtensions on input line 452.

(/usr/share/texlive/texmf-dist/tex/latex/latexconfig/epstopdf-sys.cfg
File: epstopdf-sys.cfg 2010/07/13 v1.3 Configuration of (r)epstopdf for TeX Liv
e
))
LaTeX Info: Redefining \microtypecontext on input line 81.
Package microtype Info: Generating PDF output.
Package microtype Info: Character protrusion enabled (level 2).
Package microtype Info: Using default protrusion set `alltext'.
Package microtype Info: Automatic font expansion enabled (level 2),
(microtype)             stretch: 20, shrink: 20, step: 1, non-selected.
Package microtype Info: Using default expansion set `basictext'.
Package microtype Info: No adjustment of tracking.
Package microtype Info: No adjustment of interword spacing.
Package microtype Info: No adjustment of character kerning.

(/usr/share/texlive/texmf-dist/tex/latex/microtype/mt-cmr.cfg
File: mt-cmr.cfg 2013/05/19 v2.2 microtype config. file: Computer Modern Roman 
(RS)
)
\AtBeginShipoutBox=\box30
Package hyperref Info: Link coloring ON on input line 81.

(/usr/share/texlive/texmf-dist/tex/latex/hyperref/nameref.sty
Package: nameref 2012/10/27 v2.43 Cross-referencing by name of section

(/usr/share/texlive/texmf-dist/tex/generic/oberdiek/gettitlestring.sty
Package: gettitlestring 2010/12/03 v1.4 Cleanup title references (HO)
)
\c@section@level=\count123
)
LaTeX Info: Redefining \ref on input line 81.
LaTeX Info: Redefining \pageref on input line 81.
LaTeX Info: Redefining \nameref on input line 81.

(./thesis.out) (./thesis.out)
\@outlinefile=\write5
\openout5 = `thesis.out'.

 (./frontpage.tex
<uiologo.png, id=205, 1951.29pt x 1996.45876pt>
File: uiologo.png Graphic file (type png)
 <use uiologo.png>
Package pdftex.def Info: uiologo.png used on input line 33.
(pdftex.def)             Requested size: 113.79718pt x 113.78105pt.
) [1

{/var/lib/texmf/fonts/map/pdftex/updmap/pdftex.map} <./uiologo.png>] [2

] [3] [4

] [5]
[6

] (./thesis.toc
LaTeX Font Info:    Try loading font information for OT1+lmr on input line 3.
 (/usr/share/texmf/tex/latex/lm/ot1lmr.fd
File: ot1lmr.fd 2009/10/30 v1.6 Font defs for Latin Modern
)
LaTeX Font Info:    Try loading font information for OML+lmm on input line 3.

(/usr/share/texmf/tex/latex/lm/omllmm.fd
File: omllmm.fd 2009/10/30 v1.6 Font defs for Latin Modern
)
LaTeX Font Info:    Try loading font information for OMS+lmsy on input line 3.

(/usr/share/texmf/tex/latex/lm/omslmsy.fd
File: omslmsy.fd 2009/10/30 v1.6 Font defs for Latin Modern
)
LaTeX Font Info:    Try loading font information for OMX+lmex on input line 3.

(/usr/share/texmf/tex/latex/lm/omxlmex.fd
File: omxlmex.fd 2009/10/30 v1.6 Font defs for Latin Modern
)
LaTeX Font Info:    External font `lmex10' loaded for size
(Font)              <10> on input line 3.
LaTeX Font Info:    External font `lmex10' loaded for size
(Font)              <7> on input line 3.
LaTeX Font Info:    External font `lmex10' loaded for size
(Font)              <5> on input line 3.
LaTeX Font Info:    Try loading font information for U+msa on input line 3.

(/usr/share/texlive/texmf-dist/tex/latex/amsfonts/umsa.fd
File: umsa.fd 2013/01/14 v3.01 AMS symbols A
)
(/usr/share/texlive/texmf-dist/tex/latex/microtype/mt-msa.cfg
File: mt-msa.cfg 2006/02/04 v1.1 microtype config. file: AMS symbols (a) (RS)
)
LaTeX Font Info:    Try loading font information for U+msb on input line 3.

(/usr/share/texlive/texmf-dist/tex/latex/amsfonts/umsb.fd
File: umsb.fd 2013/01/14 v3.01 AMS symbols B
)
(/usr/share/texlive/texmf-dist/tex/latex/microtype/mt-msb.cfg
File: mt-msb.cfg 2005/06/01 v1.0 microtype config. file: AMS symbols (b) (RS)
) [7])
\tf@toc=\write6
\openout6 = `thesis.toc'.

 [8]
Chapter 1.
[9

]
LaTeX Font Info:    Try loading font information for T1+lmtt on input line 165.

 (/usr/share/texmf/tex/latex/lm/t1lmtt.fd
File: t1lmtt.fd 2009/10/30 v1.6 Font defs for Latin Modern
)
Package microtype Info: Loading generic settings for font family
(microtype)             `lmtt' (encoding: T1).
(microtype)             For optimal results, create family-specific settings.
(microtype)             See the microtype manual for details.

Overfull \hbox (32.11769pt too wide) in paragraph at lines 165--166
[]\T1/lmr/m/n/10 (-20) The code used for the the-sis can be found at [][]$\T1/l
mtt/m/n/10 https : / / github . com / torbjornseland /
 []

[10]
Chapter 2.
LaTeX Font Info:    Try loading font information for OMS+lmr on input line 180.

(/usr/share/texmf/tex/latex/lm/omslmr.fd
File: omslmr.fd 2009/10/30 v1.6 Font defs for Latin Modern
)
LaTeX Font Info:    Font shape `OMS/lmr/m/n' in size <10> not available
(Font)              Font shape `OMS/lmsy/m/n' tried instead on input line 180.
 [11

] [12]
<1_fig/threshold_phenomenon.png, id=348, 578.16pt x 433.62pt>
File: 1_fig/threshold_phenomenon.png Graphic file (type png)

<use 1_fig/threshold_phenomenon.png>
Package pdftex.def Info: 1_fig/threshold_phenomenon.png used on input line 238.

(pdftex.def)             Requested size: 276.00105pt x 206.9972pt.
 [13 <./1_fig/threshold_phenomenon.png>]
[14] <1_fig/English_boarding_school.png, id=381, 578.16pt x 433.62pt>
File: 1_fig/English_boarding_school.png Graphic file (type png)

<use 1_fig/English_boarding_school.png>
Package pdftex.def Info: 1_fig/English_boarding_school.png used on input line 2
79.
(pdftex.def)             Requested size: 310.4979pt x 232.87433pt.
LaTeX Font Info:    External font `lmex10' loaded for size
(Font)              <12> on input line 294.
LaTeX Font Info:    External font `lmex10' loaded for size
(Font)              <8> on input line 294.
LaTeX Font Info:    External font `lmex10' loaded for size
(Font)              <6> on input line 294.


Package hyperref Warning: Token not allowed in a PDF string (PDFDocEncoding):
(hyperref)                removing `math shift' on input line 294.


Package hyperref Warning: Token not allowed in a PDF string (PDFDocEncoding):
(hyperref)                removing `\rho' on input line 294.


Package hyperref Warning: Token not allowed in a PDF string (PDFDocEncoding):
(hyperref)                removing `math shift' on input line 294.

[15 <./1_fig/English_boarding_school.png>]
<1_fig/English_boarding_school_changes.png, id=396, 926.5014pt x 712.5822pt>
File: 1_fig/English_boarding_school_changes.png Graphic file (type png)

<use 1_fig/English_boarding_school_changes.png>
Package pdftex.def Info: 1_fig/English_boarding_school_changes.png used on inpu
t line 299.
(pdftex.def)             Requested size: 310.4979pt x 238.80621pt.
 [16 <./1_fig/English_boarding_school_changes.png>] [17] [18] [19]
<1_fig/WD_zombie_initial_1.png, id=431, 578.16pt x 433.62pt>
File: 1_fig/WD_zombie_initial_1.png Graphic file (type png)

<use 1_fig/WD_zombie_initial_1.png>
Package pdftex.def Info: 1_fig/WD_zombie_initial_1.png used on input line 448.
(pdftex.def)             Requested size: 310.4979pt x 232.87433pt.

<1_fig/check_parameters.png, id=434, 1042.8561pt x 871.5762pt>
File: 1_fig/check_parameters.png Graphic file (type png)

<use 1_fig/check_parameters.png>
Package pdftex.def Info: 1_fig/check_parameters.png used on input line 470.
(pdftex.def)             Requested size: 310.4979pt x 259.4933pt.

<1_fig/WD_zombie_initial_2.png, id=435, 578.16pt x 433.62pt>
File: 1_fig/WD_zombie_initial_2.png Graphic file (type png)

<use 1_fig/WD_zombie_initial_2.png>
Package pdftex.def Info: 1_fig/WD_zombie_initial_2.png used on input line 481.
(pdftex.def)             Requested size: 310.4979pt x 232.87433pt.
 [20] [21 <./1_fig/WD_zombie_initial_1.png>] [22 <./1_fig/check_parameters.png>
]
<1_fig/WD_zombie_hysterical_1.png, id=461, 578.16pt x 433.62pt>
File: 1_fig/WD_zombie_hysterical_1.png Graphic file (type png)

<use 1_fig/WD_zombie_hysterical_1.png>
Package pdftex.def Info: 1_fig/WD_zombie_hysterical_1.png used on input line 53
4.
(pdftex.def)             Requested size: 310.4979pt x 232.87433pt.
 [23 <./1_fig/WD_zombie_initial_2.png>]
<1_fig/omega_function.png, id=470, 578.16pt x 433.62pt>
File: 1_fig/omega_function.png Graphic file (type png)

<use 1_fig/omega_function.png>
Package pdftex.def Info: 1_fig/omega_function.png used on input line 560.
(pdftex.def)             Requested size: 310.4979pt x 232.87433pt.

<1_fig/WD_zombie_counter_1.png, id=471, 578.16pt x 433.62pt>
File: 1_fig/WD_zombie_counter_1.png Graphic file (type png)

<use 1_fig/WD_zombie_counter_1.png>
Package pdftex.def Info: 1_fig/WD_zombie_counter_1.png used on input line 582.
(pdftex.def)             Requested size: 310.4979pt x 232.87433pt.
 [24 <./1_fig/WD_zombie_hysterical_1.png>]
<1_fig/WD_zombie_counter_2.png, id=483, 578.16pt x 433.62pt>
File: 1_fig/WD_zombie_counter_2.png Graphic file (type png)

<use 1_fig/WD_zombie_counter_2.png>
Package pdftex.def Info: 1_fig/WD_zombie_counter_2.png used on input line 603.
(pdftex.def)             Requested size: 310.4979pt x 232.87433pt.
 [25 <./1_fig/omega_function.png>]
<1_fig/WD_zombie_counter_series.png, id=494, 578.16pt x 433.62pt>
File: 1_fig/WD_zombie_counter_series.png Graphic file (type png)

<use 1_fig/WD_zombie_counter_series.png>
Package pdftex.def Info: 1_fig/WD_zombie_counter_series.png used on input line 
626.
(pdftex.def)             Requested size: 310.4979pt x 232.87433pt.

Overfull \hbox (17.22272pt too wide) in paragraph at lines 640--652
[][] 
 []

[26 <./1_fig/WD_zombie_counter_1.png>]
<1_fig/WD_zombie_all_phases_1.png, id=505, 578.16pt x 433.62pt>
File: 1_fig/WD_zombie_all_phases_1.png Graphic file (type png)

<use 1_fig/WD_zombie_all_phases_1.png>
Package pdftex.def Info: 1_fig/WD_zombie_all_phases_1.png used on input line 65
9.
(pdftex.def)             Requested size: 310.4979pt x 232.87433pt.

Overfull \hbox (59.83429pt too wide) in paragraph at lines 672--682
[][] 
 []

[27 <./1_fig/WD_zombie_counter_2.png>] [28 <./1_fig/WD_zombie_counter_series.pn
g> <./1_fig/WD_zombie_all_phases_1.png>] [29

] [30

]
Chapter 3.
[31] [32] <2_fig/trav_wave_sub.png, id=572, 1465.475pt x 1146.2825pt>
File: 2_fig/trav_wave_sub.png Graphic file (type png)

<use 2_fig/trav_wave_sub.png>
Package pdftex.def Info: 2_fig/trav_wave_sub.png used on input line 819.
(pdftex.def)             Requested size: 276.00105pt x 215.87195pt.

<2_fig/epidemic_wave_z_lambda_0_5.png, id=577, 578.16pt x 433.62pt>
File: 2_fig/epidemic_wave_z_lambda_0_5.png Graphic file (type png)

<use 2_fig/epidemic_wave_z_lambda_0_5.png>
Package pdftex.def Info: 2_fig/epidemic_wave_z_lambda_0_5.png used on input lin
e 829.
(pdftex.def)             Requested size: 310.4979pt x 232.87433pt.
 [33] [34 <./2_fig/trav_wave_sub.png>] [35 <./2_fig/epidemic_wave_z_lambda_0_5.
png>] [36] [37] [38]
Overfull \hbox (12.564pt too wide) detected at line 1060
[][] []
 []


Overfull \hbox (35.30016pt too wide) detected at line 1068
[][] []
 []

<2_fig/Trav_wave_2D.png, id=644, 1464.47125pt x 544.0325pt>
File: 2_fig/Trav_wave_2D.png Graphic file (type png)

<use 2_fig/Trav_wave_2D.png>
Package pdftex.def Info: 2_fig/Trav_wave_2D.png used on input line 1086.
(pdftex.def)             Requested size: 276.00105pt x 102.52882pt.
 [39]
<2_fig/2D_initial_variable_sub.png, id=658, 1330.9725pt x 1069.9975pt>
File: 2_fig/2D_initial_variable_sub.png Graphic file (type png)

<use 2_fig/2D_initial_variable_sub.png>
Package pdftex.def Info: 2_fig/2D_initial_variable_sub.png used on input line 1
138.
(pdftex.def)             Requested size: 276.00105pt x 221.88156pt.

<2_fig/TW_2D_initial_z_lambda_0_5.png, id=662, 578.16pt x 433.62pt>
File: 2_fig/TW_2D_initial_z_lambda_0_5.png Graphic file (type png)

<use 2_fig/TW_2D_initial_z_lambda_0_5.png>
Package pdftex.def Info: 2_fig/TW_2D_initial_z_lambda_0_5.png used on input lin
e 1160.
(pdftex.def)             Requested size: 276.00105pt x 206.9972pt.
 [40 <./2_fig/Trav_wave_2D.png>]
<2_fig/2D_lambda_variable.png, id=672, 1457.445pt x 1145.27875pt>
File: 2_fig/2D_lambda_variable.png Graphic file (type png)

<use 2_fig/2D_lambda_variable.png>
Package pdftex.def Info: 2_fig/2D_lambda_variable.png used on input line 1187.
(pdftex.def)             Requested size: 310.4979pt x 243.99326pt.
 [41 <./2_fig/2D_initial_variable_sub.png>]
[42 <./2_fig/TW_2D_initial_z_lambda_0_5.png>] [43 <./2_fig/2D_lambda_variable.p
ng>] <2_fig/british_number.png, id=695, 682.55pt x 1750.54pt>
File: 2_fig/british_number.png Graphic file (type png)

<use 2_fig/british_number.png>
Package pdftex.def Info: 2_fig/british_number.png used on input line 1236.
(pdftex.def)             Requested size: 207.0021pt x 530.88222pt.


LaTeX Warning: Float too large for page by 53.38222pt on input line 1240.

<2_fig/2D_british_school_gauss_sub.png, id=699, 1336.995pt x 1086.0575pt>
File: 2_fig/2D_british_school_gauss_sub.png Graphic file (type png)

<use 2_fig/2D_british_school_gauss_sub.png>
Package pdftex.def Info: 2_fig/2D_british_school_gauss_sub.png used on input li
ne 1253.
(pdftex.def)             Requested size: 276.00105pt x 224.20097pt.
 [44]
Overfull \hbox (50.47256pt too wide) in paragraph at lines 1298--1321
[][] 
 []

[45] [46 <./2_fig/british_number.png>] [47 <./2_fig/2D_british_school_gauss_sub
.png>] [48

]
<2_fig/2D_zombie_three_phases_number.png, id=744, 578.16pt x 433.62pt>
File: 2_fig/2D_zombie_three_phases_number.png Graphic file (type png)

<use 2_fig/2D_zombie_three_phases_number.png>
Package pdftex.def Info: 2_fig/2D_zombie_three_phases_number.png used on input 
line 1389.
(pdftex.def)             Requested size: 276.00105pt x 206.9972pt.
 [49]
Overfull \hbox (36.25067pt too wide) in paragraph at lines 1412--1438
[][] 
 []

[50 <./2_fig/2D_zombie_three_phases_number.png>] [51]
<2_fig/initial_value_susceptible.png, id=768, 578.16pt x 433.62pt>
File: 2_fig/initial_value_susceptible.png Graphic file (type png)

<use 2_fig/initial_value_susceptible.png>
Package pdftex.def Info: 2_fig/initial_value_susceptible.png used on input line
 1475.
(pdftex.def)             Requested size: 276.00105pt x 206.9972pt.

<2_fig/2D_zombie_three_phases_zombie_large_town_2_sub.png, id=772, 1332.98pt x 
1055.945pt>
File: 2_fig/2D_zombie_three_phases_zombie_large_town_2_sub.png Graphic file (ty
pe png)
 <use 2_fig/2D_zombie_three_phases_zombie_large_town_2_sub.png>
Package pdftex.def Info: 2_fig/2D_zombie_three_phases_zombie_large_town_2_sub.p
ng used on input line 1507.
(pdftex.def)             Requested size: 276.00105pt x 218.62918pt.

[52 <./2_fig/initial_value_susceptible.png>]
Overfull \hbox (79.30652pt too wide) in paragraph at lines 1541--1567
[][] 
 []

[53 <./2_fig/2D_zombie_three_phases_zombie_large_town_2_sub.png>] [54]
Overfull \hbox (122.23366pt too wide) detected at line 1614
[][] []
 []

[55] <2_fig/2D_compare_Frederikke.png, id=805, 1493.58pt x 544.0325pt>
File: 2_fig/2D_compare_Frederikke.png Graphic file (type png)

<use 2_fig/2D_compare_Frederikke.png>
Package pdftex.def Info: 2_fig/2D_compare_Frederikke.png used on input line 162
3.
(pdftex.def)             Requested size: 276.00105pt x 100.52821pt.
 [56 <./2_fig/2D_compare_Frederikke.png>]
<2_fig/2D_Frederikke_contourf_sub.png, id=816, 1569.865pt x 1160.335pt>
File: 2_fig/2D_Frederikke_contourf_sub.png Graphic file (type png)

<use 2_fig/2D_Frederikke_contourf_sub.png>
Package pdftex.def Info: 2_fig/2D_Frederikke_contourf_sub.png used on input lin
e 1645.
(pdftex.def)             Requested size: 276.00105pt x 204.00005pt.
 [57 <./2_fig/2D_Frederikke_contourf_sub.png>] [58] [59] [60

]
Chapter 4.
[61] [62] [63]

Package hyperref Warning: Token not allowed in a PDF string (PDFDocEncoding):
(hyperref)                removing `math shift' on input line 1840.


Package hyperref Warning: Token not allowed in a PDF string (PDFDocEncoding):
(hyperref)                removing `\sigma' on input line 1840.


Package hyperref Warning: Token not allowed in a PDF string (PDFDocEncoding):
(hyperref)                removing `superscript' on input line 1840.


Package hyperref Warning: Token not allowed in a PDF string (PDFDocEncoding):
(hyperref)                removing `math shift' on input line 1840.

<3_fig/random_walk_days.png, id=876, 2277.50874pt x 521.95pt>
File: 3_fig/random_walk_days.png Graphic file (type png)

<use 3_fig/random_walk_days.png>
Package pdftex.def Info: 3_fig/random_walk_days.png used on input line 1865.
(pdftex.def)             Requested size: 276.00105pt x 63.2525pt.
 [64] [65 <./3_fig/random_walk_days.png>]
<3_fig/english_school_random.png, id=898, 839.0547pt x 625.1355pt>
File: 3_fig/english_school_random.png Graphic file (type png)

<use 3_fig/english_school_random.png>
Package pdftex.def Info: 3_fig/english_school_random.png used on input line 192
0.
(pdftex.def)             Requested size: 276.00105pt x 205.63716pt.

Overfull \hbox (3.96689pt too wide) in paragraph at lines 1928--1928
[]\T1/lmr/bx/n/12 Lower max-i-mum con-cen-tra-tion for the in-fected group 
 []

[66] [67 <./3_fig/english_school_random.png>]
<3_fig/figure_images.png, id=927, 324.21124pt x 28.105pt>
File: 3_fig/figure_images.png Graphic file (type png)

<use 3_fig/figure_images.png>
Package pdftex.def Info: 3_fig/figure_images.png used on input line 1991.
(pdftex.def)             Requested size: 276.00105pt x 23.92708pt.
 [68]
<3_fig/Frederikke_initial_final_2.png, id=934, 1284.8pt x 1622.06pt>
File: 3_fig/Frederikke_initial_final_2.png Graphic file (type png)

<use 3_fig/Frederikke_initial_final_2.png>
Package pdftex.def Info: 3_fig/Frederikke_initial_final_2.png used on input lin
e 2013.
(pdftex.def)             Requested size: 276.00105pt x 348.4391pt.

<3_fig/Walking_dead_Frederikke.png, id=938, 760.2804pt x 607.7907pt>
File: 3_fig/Walking_dead_Frederikke.png Graphic file (type png)

<use 3_fig/Walking_dead_Frederikke.png>
Package pdftex.def Info: 3_fig/Walking_dead_Frederikke.png used on input line 2
034.
(pdftex.def)             Requested size: 276.00105pt x 220.65004pt.
 [69 <./3_fig/figure_images.png>]
Overfull \vbox (52.58348pt too high) has occurred while \output is active []


[70 <./3_fig/Frederikke_initial_final_2.png>]
<3_fig/screenshots_moving_smart_2.png, id=956, 1284.8pt x 2433.09pt>
File: 3_fig/screenshots_moving_smart_2.png Graphic file (type png)

<use 3_fig/screenshots_moving_smart_2.png>
Package pdftex.def Info: 3_fig/screenshots_moving_smart_2.png used on input lin
e 2105.
(pdftex.def)             Requested size: 276.00105pt x 522.65865pt.


LaTeX Warning: Float too large for page by 44.60307pt on input line 2109.

[71 <./3_fig/Walking_dead_Frederikke.png>]
<3_fig/Moving_smart_average.png, id=967, 766.7847pt x 625.1355pt>
File: 3_fig/Moving_smart_average.png Graphic file (type png)

<use 3_fig/Moving_smart_average.png>
Package pdftex.def Info: 3_fig/Moving_smart_average.png used on input line 2127
.
(pdftex.def)             Requested size: 276.00105pt x 225.01044pt.

<3_fig/three_phases_random_2.png, id=972, 1284.8pt x 2433.09pt>
File: 3_fig/three_phases_random_2.png Graphic file (type png)

<use 3_fig/three_phases_random_2.png>
Package pdftex.def Info: 3_fig/three_phases_random_2.png used on input line 216
3.
(pdftex.def)             Requested size: 276.00105pt x 522.65865pt.


LaTeX Warning: Float too large for page by 32.60307pt on input line 2167.

<3_fig/three_phases_ODE_sd.png, id=975, 695.2374pt x 625.1355pt>
File: 3_fig/three_phases_ODE_sd.png Graphic file (type png)

<use 3_fig/three_phases_ODE_sd.png>
Package pdftex.def Info: 3_fig/three_phases_ODE_sd.png used on input line 2175.

(pdftex.def)             Requested size: 276.00105pt x 248.17062pt.
 [72]
<3_fig/screenshot_three_phases_free.png, id=986, 1284.8pt x 811.03pt>
File: 3_fig/screenshot_three_phases_free.png Graphic file (type png)

<use 3_fig/screenshot_three_phases_free.png>
Package pdftex.def Info: 3_fig/screenshot_three_phases_free.png used on input l
ine 2241.
(pdftex.def)             Requested size: 276.00105pt x 174.21954pt.

<3_fig/three_phases_free.png, id=991, 724.1454pt x 614.295pt>
File: 3_fig/three_phases_free.png Graphic file (type png)

<use 3_fig/three_phases_free.png>
Package pdftex.def Info: 3_fig/three_phases_free.png used on input line 2253.
(pdftex.def)             Requested size: 276.00105pt x 234.13753pt.
 [73] [74 <./3_fig/screenshots_moving_smart_2.png>] [75 <./3_fig/Moving_smart_a
verage.png>] [76 <./3_fig/three_phases_random_2.png>] [77 <./3_fig/three_phases
_ODE_sd.png> <./3_fig/screenshot_three_phases_free.png (PNG copy)>] [78 <./3_fi
g/three_phases_free.png>] [79

] [80]
Chapter 5.
[81

] [82]

Package hyperref Warning: Difference (2) between bookmark levels is greater 
(hyperref)                than one, level fixed on input line 2382.

[83] [84] (./thesis.bbl
Underfull \hbox (badness 2478) in paragraph at lines 42--45
[]\T1/lmr/m/n/10 (+20) World Health Or-ga-ni-za-tion.  Ebola virus.  [][]$\T1/l
mtt/m/n/10 http : / / www . who . int /
 []

) [85



] [86


] (./thesis.ind)
Package atveryend Info: Empty hook `BeforeClearDocument' on input line 2442.
Package atveryend Info: Empty hook `AfterLastShipout' on input line 2442.
 (./thesis.aux)
Package atveryend Info: Executing hook `AtVeryEndDocument' on input line 2442.


 *File List*
    book.cls    2007/10/19 v1.4h Standard LaTeX document class
    bk10.clo    2007/10/19 v1.4h Standard LaTeX file (size option)
 relsize.sty    2013/03/29 ver 4.1
  epsfig.sty    1999/02/16 v1.7a (e)psfig emulation (SPQR)
graphicx.sty    1999/02/16 v1.0f Enhanced LaTeX Graphics (DPC,SPQR)
  keyval.sty    1999/03/16 v1.13 key=value parser (DPC)
graphics.sty    2009/02/05 v1.0o Standard LaTeX Graphics (DPC,SPQR)
    trig.sty    1999/03/16 v1.09 sin cos tan (DPC)
graphics.cfg    2010/04/23 v1.9 graphics configuration of TeX Live
  pdftex.def    2011/05/27 v0.06d Graphics/color for pdfTeX
infwarerr.sty    2010/04/08 v1.3 Providing info/warning/error messages (HO)
 ltxcmds.sty    2011/11/09 v1.22 LaTeX kernel commands for general use (HO)
 makeidx.sty    2000/03/29 v1.0m Standard LaTeX package
   color.sty    1999/02/16
   color.cfg    2007/01/18 v1.5 color configuration of teTeX/TeXLive
setspace.sty    2011/12/19 v6.7a set line spacing
 amsmath.sty    2013/01/14 v2.14 AMS math features
 amstext.sty    2000/06/29 v2.01
  amsgen.sty    1999/11/30 v2.0
  amsbsy.sty    1999/11/29 v1.2d
  amsopn.sty    1999/12/14 v2.01 operator names
amsfonts.sty    2013/01/14 v3.01 Basic AMSFonts support
  xcolor.sty    2007/01/21 v2.11 LaTeX color extensions (UK)
   color.cfg    2007/01/18 v1.5 color configuration of teTeX/TeXLive
colortbl.sty    2012/02/13 v1.0a Color table columns (DPC)
   array.sty    2008/09/09 v2.4c Tabular extension package (FMi)
      bm.sty    2004/02/26 v1.1c Bold Symbol Support (DPC/FMi)
microtype.sty    2013/05/23 v2.5a Micro-typographical refinements (RS)
microtype-pdftex.def    2013/05/23 v2.5a Definitions specific to pdftex (RS)
microtype.cfg    2013/05/23 v2.5a microtype main configuration file (RS)
fancyvrb.sty    2008/02/07
 fontenc.sty
   t1enc.def    2005/09/27 v1.99g Standard LaTeX file
inputenc.sty    2008/03/30 v1.1d Input encoding file
    utf8.def    2008/04/05 v1.1m UTF-8 support for inputenc
   t1enc.dfu    2008/04/05 v1.1m UTF-8 support for inputenc
  ot1enc.dfu    2008/04/05 v1.1m UTF-8 support for inputenc
  omsenc.dfu    2008/04/05 v1.1m UTF-8 support for inputenc
 lmodern.sty    2009/10/30 v1.6 Latin Modern Fonts
hyperref.sty    2012/11/06 v6.83m Hypertext links for LaTeX
hobsub-hyperref.sty    2012/05/28 v1.13 Bundle oberdiek, subset hyperref (HO)
hobsub-generic.sty    2012/05/28 v1.13 Bundle oberdiek, subset generic (HO)
  hobsub.sty    2012/05/28 v1.13 Construct package bundles (HO)
ifluatex.sty    2010/03/01 v1.3 Provides the ifluatex switch (HO)
  ifvtex.sty    2010/03/01 v1.5 Detect VTeX and its facilities (HO)
 intcalc.sty    2007/09/27 v1.1 Expandable calculations with integers (HO)
   ifpdf.sty    2011/01/30 v2.3 Provides the ifpdf switch (HO)
etexcmds.sty    2011/02/16 v1.5 Avoid name clashes with e-TeX commands (HO)
kvsetkeys.sty    2012/04/25 v1.16 Key value parser (HO)
kvdefinekeys.sty    2011/04/07 v1.3 Define keys (HO)
pdftexcmds.sty    2011/11/29 v0.20 Utility functions of pdfTeX for LuaTeX (HO)
pdfescape.sty    2011/11/25 v1.13 Implements pdfTeX's escape features (HO)
bigintcalc.sty    2012/04/08 v1.3 Expandable calculations on big integers (HO)
  bitset.sty    2011/01/30 v1.1 Handle bit-vector datatype (HO)
uniquecounter.sty    2011/01/30 v1.2 Provide unlimited unique counter (HO)
letltxmacro.sty    2010/09/02 v1.4 Let assignment for LaTeX macros (HO)
 hopatch.sty    2012/05/28 v1.2 Wrapper for package hooks (HO)
xcolor-patch.sty    2011/01/30 xcolor patch
atveryend.sty    2011/06/30 v1.8 Hooks at the very end of document (HO)
atbegshi.sty    2011/10/05 v1.16 At begin shipout hook (HO)
refcount.sty    2011/10/16 v3.4 Data extraction from label references (HO)
 hycolor.sty    2011/01/30 v1.7 Color options for hyperref/bookmark (HO)
 ifxetex.sty    2010/09/12 v0.6 Provides ifxetex conditional
 auxhook.sty    2011/03/04 v1.3 Hooks for auxiliary files (HO)
kvoptions.sty    2011/06/30 v3.11 Key value format for package options (HO)
  pd1enc.def    2012/11/06 v6.83m Hyperref: PDFDocEncoding definition (HO)
hyperref.cfg    2002/06/06 v1.2 hyperref configuration of TeXLive
     url.sty    2013/09/16  ver 3.4  Verb mode for urls, etc.
 hpdftex.def    2012/11/06 v6.83m Hyperref driver for pdfTeX
rerunfilecheck.sty    2011/04/15 v1.7 Rerun checks for auxiliary files (HO)
placeins.sty    2005/04/18  v 2.2
   t1lmr.fd    2009/10/30 v1.6 Font defs for Latin Modern
supp-pdf.mkii
epstopdf-base.sty    2010/02/09 v2.5 Base part for package epstopdf
  grfext.sty    2010/08/19 v1.1 Manage graphics extensions (HO)
epstopdf-sys.cfg    2010/07/13 v1.3 Configuration of (r)epstopdf for TeX Live
  mt-cmr.cfg    2013/05/19 v2.2 microtype config. file: Computer Modern Roman (
RS)
 nameref.sty    2012/10/27 v2.43 Cross-referencing by name of section
gettitlestring.sty    2010/12/03 v1.4 Cleanup title references (HO)
  thesis.out
  thesis.out
frontpage.tex
 uiologo.png    Graphic file (type png)
  ot1lmr.fd    2009/10/30 v1.6 Font defs for Latin Modern
  omllmm.fd    2009/10/30 v1.6 Font defs for Latin Modern
 omslmsy.fd    2009/10/30 v1.6 Font defs for Latin Modern
 omxlmex.fd    2009/10/30 v1.6 Font defs for Latin Modern
    umsa.fd    2013/01/14 v3.01 AMS symbols A
  mt-msa.cfg    2006/02/04 v1.1 microtype config. file: AMS symbols (a) (RS)
    umsb.fd    2013/01/14 v3.01 AMS symbols B
  mt-msb.cfg    2005/06/01 v1.0 microtype config. file: AMS symbols (b) (RS)
  t1lmtt.fd    2009/10/30 v1.6 Font defs for Latin Modern
  omslmr.fd    2009/10/30 v1.6 Font defs for Latin Modern
1_fig/threshold_phenomenon.png
1_fig/English_boarding_school.png
1_fig/English_boarding_school_changes.png
1_fig/WD_zombie_initial_1.png
1_fig/check_parameters.png
1_fig/WD_zombie_initial_2.png
1_fig/WD_zombie_hysterical_1.png
1_fig/omega_function.png
1_fig/WD_zombie_counter_1.png
1_fig/WD_zombie_counter_2.png
1_fig/WD_zombie_counter_series.png
1_fig/WD_zombie_all_phases_1.png
2_fig/trav_wave_sub.png
2_fig/epidemic_wave_z_lambda_0_5.png
2_fig/Trav_wave_2D.png
2_fig/2D_initial_variable_sub.png
2_fig/TW_2D_initial_z_lambda_0_5.png
2_fig/2D_lambda_variable.png
2_fig/british_number.png
2_fig/2D_british_school_gauss_sub.png
2_fig/2D_zombie_three_phases_number.png
2_fig/initial_value_susceptible.png
2_fig/2D_zombie_three_phases_zombie_large_town_2_sub.png
2_fig/2D_compare_Frederikke.png
2_fig/2D_Frederikke_contourf_sub.png
3_fig/random_walk_days.png
3_fig/english_school_random.png
3_fig/figure_images.png
3_fig/Frederikke_initial_final_2.png
3_fig/Walking_dead_Frederikke.png
3_fig/screenshots_moving_smart_2.png
3_fig/Moving_smart_average.png
3_fig/three_phases_random_2.png
3_fig/three_phases_ODE_sd.png
3_fig/screenshot_three_phases_free.png
3_fig/three_phases_free.png
  thesis.bbl
  thesis.ind
 ***********

Package atveryend Info: Executing hook `AtEndAfterFileList' on input line 2442.

Package rerunfilecheck Info: File `thesis.out' has not changed.
(rerunfilecheck)             Checksum: 8F33A5467CA4001596807E56511BC402;3633.

LaTeX Warning: There were multiply-defined labels.

Package atveryend Info: Empty hook `AtVeryVeryEnd' on input line 2442.
 ) 
Here is how much of TeX's memory you used:
 9880 strings out of 493304
 149961 string characters out of 6139870
 280199 words of memory out of 5000000
 12609 multiletter control sequences out of 15000+600000
 107558 words of font info for 200 fonts, out of 8000000 for 9000
 957 hyphenation exceptions out of 8191
 41i,11n,35p,2054b,504s stack positions out of 5000i,500n,10000p,200000b,80000s
{/usr/share/texmf/fonts/enc/dvips/lm/lm-rm.enc}{/usr/share/texmf/fonts/enc/dv
ips/lm/lm-ec.enc}{/usr/share/texmf/fonts/enc/dvips/lm/lm-mathit.enc}{/usr/share
/texmf/fonts/enc/dvips/lm/lm-mathsy.enc}{/usr/share/texmf/fonts/enc/dvips/lm/lm
-mathex.enc}</usr/share/texmf/fonts/type1/public/lm/lmbx10.pfb></usr/share/texm
f/fonts/type1/public/lm/lmbx12.pfb></usr/share/texmf/fonts/type1/public/lm/lmbx
o10.pfb></usr/share/texmf/fonts/type1/public/lm/lmex10.pfb></usr/share/texmf/fo
nts/type1/public/lm/lmmi10.pfb></usr/share/texmf/fonts/type1/public/lm/lmmi12.p
fb></usr/share/texmf/fonts/type1/public/lm/lmmi5.pfb></usr/share/texmf/fonts/ty
pe1/public/lm/lmmi7.pfb></usr/share/texmf/fonts/type1/public/lm/lmr10.pfb></usr
/share/texmf/fonts/type1/public/lm/lmr5.pfb></usr/share/texmf/fonts/type1/publi
c/lm/lmr7.pfb></usr/share/texmf/fonts/type1/public/lm/lmr8.pfb></usr/share/texm
f/fonts/type1/public/lm/lmri10.pfb></usr/share/texmf/fonts/type1/public/lm/lmro
10.pfb></usr/share/texmf/fonts/type1/public/lm/lmro12.pfb></usr/share/texmf/fon
ts/type1/public/lm/lmsy10.pfb></usr/share/texmf/fonts/type1/public/lm/lmsy7.pfb
></usr/share/texmf/fonts/type1/public/lm/lmtt10.pfb></usr/share/texmf/fonts/typ
e1/public/lm/lmtt9.pfb></usr/share/texlive/texmf-dist/fonts/type1/public/amsfon
ts/symbols/msbm7.pfb>
Output written on thesis.pdf (86 pages, 6456511 bytes).
PDF statistics:
 1206 PDF objects out of 1440 (max. 8388607)
 1010 compressed objects within 11 object streams
 251 named destinations out of 1000 (max. 500000)
 31818 words of extra memory for PDF output out of 35830 (max. 10000000)

